# JRE version: OpenJDK Runtime Environment Temurin-21.0.2+13 (21.0.2+13) (build 21.0.2+13-LTS)
# Java VM: OpenJDK 64-Bit Server VM Temurin-21.0.2+13 (21.0.2+13-LTS, mixed mode, sharing, tiered, compressed oops, compressed class ptrs, g1 gc, windows-amd64)
GC Precious Log:
 CardTable entry size: 512
 Card Set container configuration: InlinePtr #cards 4 size 8 Array Of Cards #cards 16 size 48 Howl #buckets 8 coarsen threshold 3686 Howl Bitmap #cards 512 size 80 coarsen threshold 460 Card regions per heap region 1 cards per card region 4096
 CPUs: 12 total, 12 available
 Memory: 7489M
 Large Page Support: Disabled
 NUMA Support: Disabled
 Compressed Oops: Enabled (Zero based)
 Heap Region Size: 2M
 Heap Min Capacity: 8M
 Heap Initial Capacity: 118M
 Heap Max Capacity: 4G
 Pre-touch: Disabled
 Parallel Workers: 10
 Concurrent Workers: 3
 Concurrent Refinement Workers: 10
 Periodic GC: Disabled
Heap:
 garbage-first heap   total 219136K, used 140755K [0x0000000700000000, 0x0000000800000000)
  region size 2048K, 31 young (63488K), 2 survivors (4096K)
 Metaspace       used 11397K, committed 11584K, reserved 1114112K
  class space    used 1058K, committed 1152K, reserved 1048576K
GC Heap History (20 events):
Event: 35.625 GC heap after
{Heap after GC invocations=56 (full 36):
 garbage-first heap   total 110592K, used 62616K [0x0000000700000000, 0x0000000800000000)
  region size 2048K, 0 young (0K), 0 survivors (0K)
 Metaspace       used 11385K, committed 11584K, reserved 1114112K
  class space    used 1058K, committed 1152K, reserved 1048576K
}
Event: 38.534 GC heap before
{Heap before GC invocations=56 (full 36):
 garbage-first heap   total 110592K, used 89240K [0x0000000700000000, 0x0000000800000000)
  region size 2048K, 13 young (26624K), 0 survivors (0K)
 Metaspace       used 11394K, committed 11584K, reserved 1114112K
  class space    used 1058K, committed 1152K, reserved 1048576K
}
Event: 38.572 GC heap after
{Heap after GC invocations=57 (full 36):
 garbage-first heap   total 110592K, used 68111K [0x0000000700000000, 0x0000000800000000)
  region size 2048K, 2 young (4096K), 2 survivors (4096K)
 Metaspace       used 11394K, committed 11584K, reserved 1114112K
  class space    used 1058K, committed 1152K, reserved 1048576K
}
Event: 38.992 GC heap before
{Heap before GC invocations=58 (full 36):
 garbage-first heap   total 122880K, used 72207K [0x0000000700000000, 0x0000000800000000)
  region size 2048K, 5 young (10240K), 2 survivors (4096K)
 Metaspace       used 11394K, committed 11584K, reserved 1114112K
  class space    used 1058K, committed 1152K, reserved 1048576K
}
Event: 39.084 GC heap after
{Heap after GC invocations=59 (full 37):
 garbage-first heap   total 122880K, used 68715K [0x0000000700000000, 0x0000000800000000)
  region size 2048K, 0 young (0K), 0 survivors (0K)
 Metaspace       used 11394K, committed 11584K, reserved 1114112K
  class space    used 1058K, committed 1152K, reserved 1048576K
}
Event: 39.892 GC heap before
{Heap before GC invocations=59 (full 37):
 garbage-first heap   total 122880K, used 68715K [0x0000000700000000, 0x0000000800000000)
  region size 2048K, 1 young (2048K), 0 survivors (0K)
 Metaspace       used 11394K, committed 11584K, reserved 1114112K
  class space    used 1058K, committed 1152K, reserved 1048576K
}
Event: 39.971 GC heap after
{Heap after GC invocations=60 (full 38):
 garbage-first heap   total 122880K, used 68715K [0x0000000700000000, 0x0000000800000000)
  region size 2048K, 0 young (0K), 0 survivors (0K)
 Metaspace       used 11394K, committed 11584K, reserved 1114112K
  class space    used 1058K, committed 1152K, reserved 1048576K
}
Event: 41.497 GC heap before
{Heap before GC invocations=60 (full 38):
 garbage-first heap   total 122880K, used 78955K [0x0000000700000000, 0x0000000800000000)
  region size 2048K, 6 young (12288K), 0 survivors (0K)
 Metaspace       used 11394K, committed 11584K, reserved 1114112K
  class space    used 1058K, committed 1152K, reserved 1048576K
}
Event: 41.610 GC heap after
{Heap after GC invocations=61 (full 39):
 garbage-first heap   total 122880K, used 70826K [0x0000000700000000, 0x0000000800000000)
  region size 2048K, 0 young (0K), 0 survivors (0K)
 Metaspace       used 11394K, committed 11584K, reserved 1114112K
  class space    used 1058K, committed 1152K, reserved 1048576K
}
Event: 42.346 GC heap before
{Heap before GC invocations=61 (full 39):
 garbage-first heap   total 122880K, used 70826K [0x0000000700000000, 0x0000000800000000)
  region size 2048K, 1 young (2048K), 0 survivors (0K)
 Metaspace       used 11394K, committed 11584K, reserved 1114112K
  class space    used 1058K, committed 1152K, reserved 1048576K
}
Event: 42.421 GC heap after
{Heap after GC invocations=62 (full 40):
 garbage-first heap   total 122880K, used 70826K [0x0000000700000000, 0x0000000800000000)
  region size 2048K, 0 young (0K), 0 survivors (0K)
 Metaspace       used 11394K, committed 11584K, reserved 1114112K
  class space    used 1058K, committed 1152K, reserved 1048576K
}
Event: 44.523 GC heap before
{Heap before GC invocations=62 (full 40):
 garbage-first heap   total 122880K, used 87210K [0x0000000700000000, 0x0000000800000000)
  region size 2048K, 9 young (18432K), 0 survivors (0K)
 Metaspace       used 11394K, committed 11584K, reserved 1114112K
  class space    used 1058K, committed 1152K, reserved 1048576K
}
Event: 44.612 GC heap after
{Heap after GC invocations=63 (full 41):
 garbage-first heap   total 126976K, used 73999K [0x0000000700000000, 0x0000000800000000)
  region size 2048K, 0 young (0K), 0 survivors (0K)
 Metaspace       used 11394K, committed 11584K, reserved 1114112K
  class space    used 1058K, committed 1152K, reserved 1048576K
}
Event: 45.311 GC heap before
{Heap before GC invocations=63 (full 41):
 garbage-first heap   total 126976K, used 73999K [0x0000000700000000, 0x0000000800000000)
  region size 2048K, 1 young (2048K), 0 survivors (0K)
 Metaspace       used 11394K, committed 11584K, reserved 1114112K
  class space    used 1058K, committed 1152K, reserved 1048576K
}
Event: 45.386 GC heap after
{Heap after GC invocations=64 (full 42):
 garbage-first heap   total 126976K, used 73999K [0x0000000700000000, 0x0000000800000000)
  region size 2048K, 0 young (0K), 0 survivors (0K)
 Metaspace       used 11394K, committed 11584K, reserved 1114112K
  class space    used 1058K, committed 1152K, reserved 1048576K
}
Event: 47.629 GC heap before
{Heap before GC invocations=64 (full 42):
 garbage-first heap   total 126976K, used 88335K [0x0000000700000000, 0x0000000800000000)
  region size 2048K, 8 young (16384K), 0 survivors (0K)
 Metaspace       used 11395K, committed 11584K, reserved 1114112K
  class space    used 1058K, committed 1152K, reserved 1048576K
}
Event: 47.722 GC heap after
{Heap after GC invocations=65 (full 43):
 garbage-first heap   total 131072K, used 76830K [0x0000000700000000, 0x0000000800000000)
  region size 2048K, 0 young (0K), 0 survivors (0K)
 Metaspace       used 11395K, committed 11584K, reserved 1114112K
  class space    used 1058K, committed 1152K, reserved 1048576K
}
Event: 51.108 GC heap before
{Heap before GC invocations=65 (full 43):
 garbage-first heap   total 131072K, used 109598K [0x0000000700000000, 0x0000000800000000)
  region size 2048K, 16 young (32768K), 0 survivors (0K)
 Metaspace       used 11395K, committed 11584K, reserved 1114112K
  class space    used 1058K, committed 1152K, reserved 1048576K
}
Event: 51.217 GC heap after
{Heap after GC invocations=66 (full 43):
 garbage-first heap   total 219136K, used 83411K [0x0000000700000000, 0x0000000800000000)
  region size 2048K, 2 young (4096K), 2 survivors (4096K)
 Metaspace       used 11395K, committed 11584K, reserved 1114112K
  class space    used 1058K, committed 1152K, reserved 1048576K
}
Event: 59.834 GC heap before
{Heap before GC invocations=67 (full 43):
 garbage-first heap   total 219136K, used 140755K [0x0000000700000000, 0x0000000800000000)
  region size 2048K, 31 young (63488K), 2 survivors (4096K)
 Metaspace       used 11397K, committed 11584K, reserved 1114112K
  class space    used 1058K, committed 1152K, reserved 1048576K
}

