# JRE version: OpenJDK Runtime Environment Temurin-21.0.2+13 (21.0.2+13) (build 21.0.2+13-LTS)
# Java VM: OpenJDK 64-Bit Server VM Temurin-21.0.2+13 (21.0.2+13-LTS, mixed mode, sharing, tiered, compressed oops, compressed class ptrs, g1 gc, windows-amd64)
GC Precious Log:
 CardTable entry size: 512
 Card Set container configuration: InlinePtr #cards 5 size 8 Array Of Cards #cards 12 size 40 Howl #buckets 4 coarsen threshold 1843 Howl Bitmap #cards 512 size 80 coarsen threshold 460 Card regions per heap region 1 cards per card region 2048
 CPUs: 12 total, 12 available
 Memory: 7489M
 Large Page Support: Disabled
 NUMA Support: Disabled
 Compressed Oops: Enabled (32-bit)
 Heap Region Size: 1M
 Heap Min Capacity: 8M
 Heap Initial Capacity: 118M
 Heap Max Capacity: 2G
 Pre-touch: Disabled
 Parallel Workers: 10
 Concurrent Workers: 3
 Concurrent Refinement Workers: 10
 Periodic GC: Disabled
Heap:
 garbage-first heap   total 240640K, used 116817K [0x0000000080000000, 0x0000000100000000)
  region size 1024K, 1 young (1024K), 0 survivors (0K)
 Metaspace       used 11629K, committed 11776K, reserved 1114112K
  class space    used 1063K, committed 1152K, reserved 1048576K
GC Heap History (20 events):
Event: 941.647 GC heap after
{Heap after GC invocations=131 (full 92):
 garbage-first heap   total 240640K, used 108605K [0x0000000080000000, 0x0000000100000000)
  region size 1024K, 0 young (0K), 0 survivors (0K)
 Metaspace       used 11629K, committed 11776K, reserved 1114112K
  class space    used 1063K, committed 1152K, reserved 1048576K
}
Event: 945.901 GC heap before
{Heap before GC invocations=131 (full 92):
 garbage-first heap   total 240640K, used 126013K [0x0000000080000000, 0x0000000100000000)
  region size 1024K, 18 young (18432K), 0 survivors (0K)
 Metaspace       used 11629K, committed 11776K, reserved 1114112K
  class space    used 1063K, committed 1152K, reserved 1048576K
}
Event: 945.976 GC heap after
{Heap after GC invocations=132 (full 93):
 garbage-first heap   total 240640K, used 110343K [0x0000000080000000, 0x0000000100000000)
  region size 1024K, 0 young (0K), 0 survivors (0K)
 Metaspace       used 11629K, committed 11776K, reserved 1114112K
  class space    used 1063K, committed 1152K, reserved 1048576K
}
Event: 947.701 GC heap before
{Heap before GC invocations=132 (full 93):
 garbage-first heap   total 240640K, used 110343K [0x0000000080000000, 0x0000000100000000)
  region size 1024K, 1 young (1024K), 0 survivors (0K)
 Metaspace       used 11629K, committed 11776K, reserved 1114112K
  class space    used 1063K, committed 1152K, reserved 1048576K
}
Event: 947.757 GC heap after
{Heap after GC invocations=133 (full 94):
 garbage-first heap   total 240640K, used 110343K [0x0000000080000000, 0x0000000100000000)
  region size 1024K, 0 young (0K), 0 survivors (0K)
 Metaspace       used 11629K, committed 11776K, reserved 1114112K
  class space    used 1063K, committed 1152K, reserved 1048576K
}
Event: 954.176 GC heap before
{Heap before GC invocations=133 (full 94):
 garbage-first heap   total 240640K, used 137991K [0x0000000080000000, 0x0000000100000000)
  region size 1024K, 28 young (28672K), 0 survivors (0K)
 Metaspace       used 11629K, committed 11776K, reserved 1114112K
  class space    used 1063K, committed 1152K, reserved 1048576K
}
Event: 954.249 GC heap after
{Heap after GC invocations=134 (full 95):
 garbage-first heap   total 240640K, used 112977K [0x0000000080000000, 0x0000000100000000)
  region size 1024K, 0 young (0K), 0 survivors (0K)
 Metaspace       used 11629K, committed 11776K, reserved 1114112K
  class space    used 1063K, committed 1152K, reserved 1048576K
}
Event: 955.933 GC heap before
{Heap before GC invocations=134 (full 95):
 garbage-first heap   total 240640K, used 112977K [0x0000000080000000, 0x0000000100000000)
  region size 1024K, 1 young (1024K), 0 survivors (0K)
 Metaspace       used 11629K, committed 11776K, reserved 1114112K
  class space    used 1063K, committed 1152K, reserved 1048576K
}
Event: 955.990 GC heap after
{Heap after GC invocations=135 (full 96):
 garbage-first heap   total 240640K, used 112978K [0x0000000080000000, 0x0000000100000000)
  region size 1024K, 0 young (0K), 0 survivors (0K)
 Metaspace       used 11629K, committed 11776K, reserved 1114112K
  class space    used 1063K, committed 1152K, reserved 1048576K
}
Event: 958.019 GC heap before
{Heap before GC invocations=135 (full 96):
 garbage-first heap   total 240640K, used 115026K [0x0000000080000000, 0x0000000100000000)
  region size 1024K, 3 young (3072K), 0 survivors (0K)
 Metaspace       used 11629K, committed 11776K, reserved 1114112K
  class space    used 1063K, committed 1152K, reserved 1048576K
}
Event: 958.079 GC heap after
{Heap after GC invocations=136 (full 97):
 garbage-first heap   total 240640K, used 113249K [0x0000000080000000, 0x0000000100000000)
  region size 1024K, 0 young (0K), 0 survivors (0K)
 Metaspace       used 11629K, committed 11776K, reserved 1114112K
  class space    used 1063K, committed 1152K, reserved 1048576K
}
Event: 959.659 GC heap before
{Heap before GC invocations=136 (full 97):
 garbage-first heap   total 240640K, used 113249K [0x0000000080000000, 0x0000000100000000)
  region size 1024K, 1 young (1024K), 0 survivors (0K)
 Metaspace       used 11629K, committed 11776K, reserved 1114112K
  class space    used 1063K, committed 1152K, reserved 1048576K
}
Event: 959.716 GC heap after
{Heap after GC invocations=137 (full 98):
 garbage-first heap   total 240640K, used 113249K [0x0000000080000000, 0x0000000100000000)
  region size 1024K, 0 young (0K), 0 survivors (0K)
 Metaspace       used 11629K, committed 11776K, reserved 1114112K
  class space    used 1063K, committed 1152K, reserved 1048576K
}
Event: 965.935 GC heap before
{Heap before GC invocations=137 (full 98):
 garbage-first heap   total 240640K, used 131681K [0x0000000080000000, 0x0000000100000000)
  region size 1024K, 19 young (19456K), 0 survivors (0K)
 Metaspace       used 11629K, committed 11776K, reserved 1114112K
  class space    used 1063K, committed 1152K, reserved 1048576K
}
Event: 965.998 GC heap after
{Heap after GC invocations=138 (full 99):
 garbage-first heap   total 240640K, used 114993K [0x0000000080000000, 0x0000000100000000)
  region size 1024K, 0 young (0K), 0 survivors (0K)
 Metaspace       used 11629K, committed 11776K, reserved 1114112K
  class space    used 1063K, committed 1152K, reserved 1048576K
}
Event: 967.613 GC heap before
{Heap before GC invocations=138 (full 99):
 garbage-first heap   total 240640K, used 114993K [0x0000000080000000, 0x0000000100000000)
  region size 1024K, 1 young (1024K), 0 survivors (0K)
 Metaspace       used 11629K, committed 11776K, reserved 1114112K
  class space    used 1063K, committed 1152K, reserved 1048576K
}
Event: 967.677 GC heap after
{Heap after GC invocations=139 (full 100):
 garbage-first heap   total 240640K, used 114994K [0x0000000080000000, 0x0000000100000000)
  region size 1024K, 0 young (0K), 0 survivors (0K)
 Metaspace       used 11629K, committed 11776K, reserved 1114112K
  class space    used 1063K, committed 1152K, reserved 1048576K
}
Event: 973.974 GC heap before
{Heap before GC invocations=139 (full 100):
 garbage-first heap   total 240640K, used 133426K [0x0000000080000000, 0x0000000100000000)
  region size 1024K, 19 young (19456K), 0 survivors (0K)
 Metaspace       used 11629K, committed 11776K, reserved 1114112K
  class space    used 1063K, committed 1152K, reserved 1048576K
}
Event: 974.102 GC heap after
{Heap after GC invocations=140 (full 101):
 garbage-first heap   total 240640K, used 116817K [0x0000000080000000, 0x0000000100000000)
  region size 1024K, 0 young (0K), 0 survivors (0K)
 Metaspace       used 11629K, committed 11776K, reserved 1114112K
  class space    used 1063K, committed 1152K, reserved 1048576K
}
Event: 976.810 GC heap before
{Heap before GC invocations=140 (full 101):
 garbage-first heap   total 240640K, used 116817K [0x0000000080000000, 0x0000000100000000)
  region size 1024K, 1 young (1024K), 0 survivors (0K)
 Metaspace       used 11629K, committed 11776K, reserved 1114112K
  class space    used 1063K, committed 1152K, reserved 1048576K
}

