# JRE version: OpenJDK Runtime Environment Temurin-21.0.2+13 (21.0.2+13) (build 21.0.2+13-LTS)
# Java VM: OpenJDK 64-Bit Server VM Temurin-21.0.2+13 (21.0.2+13-LTS, mixed mode, sharing, tiered, compressed oops, compressed class ptrs, g1 gc, windows-amd64)
GC Precious Log:
 CardTable entry size: 512
 Card Set container configuration: InlinePtr #cards 5 size 8 Array Of Cards #cards 12 size 40 Howl #buckets 4 coarsen threshold 1843 Howl Bitmap #cards 512 size 80 coarsen threshold 460 Card regions per heap region 1 cards per card region 2048
 CPUs: 12 total, 12 available
 Memory: 7489M
 Large Page Support: Disabled
 NUMA Support: Disabled
 Compressed Oops: Enabled (32-bit)
 Heap Region Size: 1M
 Heap Min Capacity: 8M
 Heap Initial Capacity: 118M
 Heap Max Capacity: 2G
 Pre-touch: Disabled
 Parallel Workers: 10
 Concurrent Workers: 3
 Concurrent Refinement Workers: 10
 Periodic GC: Disabled
Heap:
 garbage-first heap   total 359424K, used 176371K [0x0000000080000000, 0x0000000100000000)
  region size 1024K, 1 young (1024K), 0 survivors (0K)
 Metaspace       used 11671K, committed 11968K, reserved 1114112K
  class space    used 1072K, committed 1216K, reserved 1048576K
GC Heap History (20 events):
Event: 32318.092 GC heap after
{Heap after GC invocations=314 (full 265):
 garbage-first heap   total 359424K, used 160676K [0x0000000080000000, 0x0000000100000000)
  region size 1024K, 0 young (0K), 0 survivors (0K)
 Metaspace       used 11671K, committed 11968K, reserved 1114112K
  class space    used 1072K, committed 1216K, reserved 1048576K
}
Event: 32322.204 GC heap before
{Heap before GC invocations=314 (full 265):
 garbage-first heap   total 359424K, used 160676K [0x0000000080000000, 0x0000000100000000)
  region size 1024K, 1 young (1024K), 0 survivors (0K)
 Metaspace       used 11671K, committed 11968K, reserved 1114112K
  class space    used 1072K, committed 1216K, reserved 1048576K
}
Event: 32322.337 GC heap after
{Heap after GC invocations=315 (full 266):
 garbage-first heap   total 359424K, used 160676K [0x0000000080000000, 0x0000000100000000)
  region size 1024K, 0 young (0K), 0 survivors (0K)
 Metaspace       used 11671K, committed 11968K, reserved 1114112K
  class space    used 1072K, committed 1216K, reserved 1048576K
}
Event: 32329.437 GC heap before
{Heap before GC invocations=315 (full 266):
 garbage-first heap   total 359424K, used 168868K [0x0000000080000000, 0x0000000100000000)
  region size 1024K, 9 young (9216K), 0 survivors (0K)
 Metaspace       used 11671K, committed 11968K, reserved 1114112K
  class space    used 1072K, committed 1216K, reserved 1048576K
}
Event: 32329.543 GC heap after
{Heap after GC invocations=316 (full 267):
 garbage-first heap   total 359424K, used 161501K [0x0000000080000000, 0x0000000100000000)
  region size 1024K, 0 young (0K), 0 survivors (0K)
 Metaspace       used 11671K, committed 11968K, reserved 1114112K
  class space    used 1072K, committed 1216K, reserved 1048576K
}
Event: 32333.083 GC heap before
{Heap before GC invocations=316 (full 267):
 garbage-first heap   total 359424K, used 161501K [0x0000000080000000, 0x0000000100000000)
  region size 1024K, 1 young (1024K), 0 survivors (0K)
 Metaspace       used 11671K, committed 11968K, reserved 1114112K
  class space    used 1072K, committed 1216K, reserved 1048576K
}
Event: 32333.398 GC heap after
{Heap after GC invocations=317 (full 268):
 garbage-first heap   total 359424K, used 161503K [0x0000000080000000, 0x0000000100000000)
  region size 1024K, 0 young (0K), 0 survivors (0K)
 Metaspace       used 11671K, committed 11968K, reserved 1114112K
  class space    used 1072K, committed 1216K, reserved 1048576K
}
Event: 32343.440 GC heap before
{Heap before GC invocations=317 (full 268):
 garbage-first heap   total 359424K, used 178911K [0x0000000080000000, 0x0000000100000000)
  region size 1024K, 17 young (17408K), 0 survivors (0K)
 Metaspace       used 11671K, committed 11968K, reserved 1114112K
  class space    used 1072K, committed 1216K, reserved 1048576K
}
Event: 32343.541 GC heap after
{Heap after GC invocations=318 (full 268):
 garbage-first heap   total 359424K, used 164190K [0x0000000080000000, 0x0000000100000000)
  region size 1024K, 3 young (3072K), 3 survivors (3072K)
 Metaspace       used 11671K, committed 11968K, reserved 1114112K
  class space    used 1072K, committed 1216K, reserved 1048576K
}
Event: 32343.552 GC heap before
{Heap before GC invocations=318 (full 268):
 garbage-first heap   total 359424K, used 164190K [0x0000000080000000, 0x0000000100000000)
  region size 1024K, 4 young (4096K), 3 survivors (3072K)
 Metaspace       used 11671K, committed 11968K, reserved 1114112K
  class space    used 1072K, committed 1216K, reserved 1048576K
}
Event: 32343.653 GC heap after
{Heap after GC invocations=319 (full 269):
 garbage-first heap   total 359424K, used 163185K [0x0000000080000000, 0x0000000100000000)
  region size 1024K, 0 young (0K), 0 survivors (0K)
 Metaspace       used 11671K, committed 11968K, reserved 1114112K
  class space    used 1072K, committed 1216K, reserved 1048576K
}
Event: 32351.377 GC heap before
{Heap before GC invocations=319 (full 269):
 garbage-first heap   total 359424K, used 178545K [0x0000000080000000, 0x0000000100000000)
  region size 1024K, 16 young (16384K), 0 survivors (0K)
 Metaspace       used 11671K, committed 11968K, reserved 1114112K
  class space    used 1072K, committed 1216K, reserved 1048576K
}
Event: 32351.482 GC heap after
{Heap after GC invocations=320 (full 270):
 garbage-first heap   total 359424K, used 164732K [0x0000000080000000, 0x0000000100000000)
  region size 1024K, 0 young (0K), 0 survivors (0K)
 Metaspace       used 11671K, committed 11968K, reserved 1114112K
  class space    used 1072K, committed 1216K, reserved 1048576K
}
Event: 32355.154 GC heap before
{Heap before GC invocations=320 (full 270):
 garbage-first heap   total 359424K, used 164732K [0x0000000080000000, 0x0000000100000000)
  region size 1024K, 1 young (1024K), 0 survivors (0K)
 Metaspace       used 11671K, committed 11968K, reserved 1114112K
  class space    used 1072K, committed 1216K, reserved 1048576K
}
Event: 32355.572 GC heap after
{Heap after GC invocations=321 (full 271):
 garbage-first heap   total 359424K, used 164733K [0x0000000080000000, 0x0000000100000000)
  region size 1024K, 0 young (0K), 0 survivors (0K)
 Metaspace       used 11671K, committed 11968K, reserved 1114112K
  class space    used 1072K, committed 1216K, reserved 1048576K
}
Event: 32389.310 GC heap before
{Heap before GC invocations=321 (full 271):
 garbage-first heap   total 359424K, used 287613K [0x0000000080000000, 0x0000000100000000)
  region size 1024K, 120 young (122880K), 0 survivors (0K)
 Metaspace       used 11671K, committed 11968K, reserved 1114112K
  class space    used 1072K, committed 1216K, reserved 1048576K
}
Event: 32390.160 GC heap after
{Heap after GC invocations=322 (full 271):
 garbage-first heap   total 359424K, used 177244K [0x0000000080000000, 0x0000000100000000)
  region size 1024K, 13 young (13312K), 13 survivors (13312K)
 Metaspace       used 11671K, committed 11968K, reserved 1114112K
  class space    used 1072K, committed 1216K, reserved 1048576K
}
Event: 32406.321 GC heap before
{Heap before GC invocations=323 (full 271):
 garbage-first heap   total 359424K, used 177244K [0x0000000080000000, 0x0000000100000000)
  region size 1024K, 14 young (14336K), 13 survivors (13312K)
 Metaspace       used 11671K, committed 11968K, reserved 1114112K
  class space    used 1072K, committed 1216K, reserved 1048576K
}
Event: 32406.987 GC heap after
{Heap after GC invocations=324 (full 272):
 garbage-first heap   total 359424K, used 176371K [0x0000000080000000, 0x0000000100000000)
  region size 1024K, 0 young (0K), 0 survivors (0K)
 Metaspace       used 11671K, committed 11968K, reserved 1114112K
  class space    used 1072K, committed 1216K, reserved 1048576K
}
Event: 32412.481 GC heap before
{Heap before GC invocations=324 (full 272):
 garbage-first heap   total 359424K, used 176371K [0x0000000080000000, 0x0000000100000000)
  region size 1024K, 1 young (1024K), 0 survivors (0K)
 Metaspace       used 11671K, committed 11968K, reserved 1114112K
  class space    used 1072K, committed 1216K, reserved 1048576K
}

